[0817/060107.229:ERROR:process_memory_win.cc(73)] ReadMemory at 0x2855b9b0730 of 72 bytes failed: Only part of a ReadProcessMemory or WriteProcessMemory request was completed. (0x12B)
[0817/060107.475:WARNING:pe_image_annotations_reader.cc(134)] could not read annotations list object in C:\Program Files (x86)\Google\Chrome\Application\84.0.4147.125\chrome_elf.dll
[0817/060107.475:ERROR:process_memory_win.cc(73)] ReadMemory at 0x2855bb70000 of 64 bytes failed: Only part of a ReadProcessMemory or WriteProcessMemory request was completed. (0x12B)
[0817/060107.475:WARNING:pe_image_reader.cc(340)] could not read dos header from C:\WINDOWS\System32\sechost.dll
[0817/060107.475:ERROR:process_memory_win.cc(73)] ReadMemory at 0x2855b9efa60 of 72 bytes failed: Only part of a ReadProcessMemory or WriteProcessMemory request was completed. (0x12B)
[0817/060107.899:WARNING:pe_image_annotations_reader.cc(134)] could not read annotations list object in C:\Program Files (x86)\Google\Chrome\Application\84.0.4147.125\chrome.dll
[0817/060110.025:ERROR:process_memory_win.cc(73)] ReadMemory at 0x2855b9b0730 of 72 bytes failed: Only part of a ReadProcessMemory or WriteProcessMemory request was completed. (0x12B)
[0817/060110.025:WARNING:pe_image_annotations_reader.cc(134)] could not read annotations list object in C:\Program Files (x86)\Google\Chrome\Application\84.0.4147.125\chrome_elf.dll
[0817/060110.026:ERROR:process_memory_win.cc(73)] ReadMemory at 0x2855bb70000 of 64 bytes failed: Only part of a ReadProcessMemory or WriteProcessMemory request was completed. (0x12B)
[0817/060110.026:WARNING:pe_image_reader.cc(340)] could not read dos header from C:\WINDOWS\System32\sechost.dll
[0817/060110.026:ERROR:process_memory_win.cc(73)] ReadMemory at 0x2855b9efa60 of 72 bytes failed: Only part of a ReadProcessMemory or WriteProcessMemory request was completed. (0x12B)
[0817/060110.026:WARNING:pe_image_annotations_reader.cc(134)] could not read annotations list object in C:\Program Files (x86)\Google\Chrome\Application\84.0.4147.125\chrome.dll
[0817/060110.027:ERROR:process_memory_win.cc(73)] ReadMemory at 0x2855b9b0730 of 72 bytes failed: Only part of a ReadProcessMemory or WriteProcessMemory request was completed. (0x12B)
[0817/060110.028:WARNING:pe_image_annotations_reader.cc(134)] could not read annotations list object in C:\Program Files (x86)\Google\Chrome\Application\84.0.4147.125\chrome_elf.dll
[0817/060110.028:ERROR:process_memory_win.cc(73)] ReadMemory at 0x2855bb70000 of 64 bytes failed: Only part of a ReadProcessMemory or WriteProcessMemory request was completed. (0x12B)
[0817/060110.028:WARNING:pe_image_reader.cc(340)] could not read dos header from C:\WINDOWS\System32\sechost.dll
[0817/060110.028:ERROR:process_memory_win.cc(73)] ReadMemory at 0x2855b9efa60 of 72 bytes failed: Only part of a ReadProcessMemory or WriteProcessMemory request was completed. (0x12B)
[0817/060110.028:WARNING:pe_image_annotations_reader.cc(134)] could not read annotations list object in C:\Program Files (x86)\Google\Chrome\Application\84.0.4147.125\chrome.dll
[0817/060110.476:ERROR:process_memory_win.cc(73)] ReadMemory at 0xc462fed000 of 77824 bytes failed: Only part of a ReadProcessMemory or WriteProcessMemory request was completed. (0x12B)
[0817/060110.477:ERROR:process_memory_win.cc(73)] ReadMemory at 0xc4637fd000 of 12288 bytes failed: Only part of a ReadProcessMemory or WriteProcessMemory request was completed. (0x12B)
[0817/060110.477:ERROR:process_memory_win.cc(73)] ReadMemory at 0xc4647fd000 of 12288 bytes failed: Only part of a ReadProcessMemory or WriteProcessMemory request was completed. (0x12B)
[0817/060110.477:ERROR:process_memory_win.cc(73)] ReadMemory at 0xc464ffb000 of 20480 bytes failed: Only part of a ReadProcessMemory or WriteProcessMemory request was completed. (0x12B)
[0817/060110.478:ERROR:process_memory_win.cc(73)] ReadMemory at 0xc4657fe000 of 8192 bytes failed: Only part of a ReadProcessMemory or WriteProcessMemory request was completed. (0x12B)
[0817/060110.478:ERROR:process_memory_win.cc(73)] ReadMemory at 0xc465ffc000 of 16384 bytes failed: Only part of a ReadProcessMemory or WriteProcessMemory request was completed. (0x12B)
[0817/060110.478:ERROR:process_memory_win.cc(73)] ReadMemory at 0xc4667fb000 of 20480 bytes failed: Only part of a ReadProcessMemory or WriteProcessMemory request was completed. (0x12B)
[0817/060110.478:ERROR:process_memory_win.cc(73)] ReadMemory at 0xc466ffd000 of 12288 bytes failed: Only part of a ReadProcessMemory or WriteProcessMemory request was completed. (0x12B)
[0817/060110.479:ERROR:process_memory_win.cc(73)] ReadMemory at 0xc4677f8000 of 32768 bytes failed: Only part of a ReadProcessMemory or WriteProcessMemory request was completed. (0x12B)
[0817/060110.479:ERROR:process_memory_win.cc(73)] ReadMemory at 0xc467ff8000 of 32768 bytes failed: Only part of a ReadProcessMemory or WriteProcessMemory request was completed. (0x12B)
[0817/060110.479:ERROR:process_memory_win.cc(73)] ReadMemory at 0xc4687f9000 of 28672 bytes failed: Only part of a ReadProcessMemory or WriteProcessMemory request was completed. (0x12B)
[0817/060110.479:ERROR:process_memory_win.cc(73)] ReadMemory at 0xc4697fd000 of 12288 bytes failed: Only part of a ReadProcessMemory or WriteProcessMemory request was completed. (0x12B)
[0817/060110.480:ERROR:process_memory_win.cc(73)] ReadMemory at 0xc468ffd000 of 12288 bytes failed: Only part of a ReadProcessMemory or WriteProcessMemory request was completed. (0x12B)
[0817/060110.480:ERROR:process_memory_win.cc(73)] ReadMemory at 0xc463fff000 of 4096 bytes failed: Only part of a ReadProcessMemory or WriteProcessMemory request was completed. (0x12B)
[0817/060110.480:ERROR:process_memory_win.cc(73)] ReadMemory at 0xc46278e000 of 852 bytes failed: Only part of a ReadProcessMemory or WriteProcessMemory request was completed. (0x12B)
[0817/060110.480:ERROR:process_memory_win.cc(73)] ReadMemory at 0xc46278f000 of 6024 bytes failed: Only part of a ReadProcessMemory or WriteProcessMemory request was completed. (0x12B)
[0817/060110.480:ERROR:process_memory_win.cc(73)] ReadMemory at 0xc462791000 of 6024 bytes failed: Only part of a ReadProcessMemory or WriteProcessMemory request was completed. (0x12B)
[0817/060110.481:ERROR:process_memory_win.cc(73)] ReadMemory at 0xc462795000 of 6024 bytes failed: Only part of a ReadProcessMemory or WriteProcessMemory request was completed. (0x12B)
[0817/060110.481:ERROR:process_memory_win.cc(73)] ReadMemory at 0xc462797000 of 6024 bytes failed: Only part of a ReadProcessMemory or WriteProcessMemory request was completed. (0x12B)
[0817/060110.481:ERROR:process_memory_win.cc(73)] ReadMemory at 0xc462799000 of 6024 bytes failed: Only part of a ReadProcessMemory or WriteProcessMemory request was completed. (0x12B)
[0817/060110.482:ERROR:process_memory_win.cc(73)] ReadMemory at 0xc46279b000 of 6024 bytes failed: Only part of a ReadProcessMemory or WriteProcessMemory request was completed. (0x12B)
[0817/060110.482:ERROR:process_memory_win.cc(73)] ReadMemory at 0xc46279d000 of 6024 bytes failed: Only part of a ReadProcessMemory or WriteProcessMemory request was completed. (0x12B)
[0817/060110.482:ERROR:process_memory_win.cc(73)] ReadMemory at 0xc46279f000 of 6024 bytes failed: Only part of a ReadProcessMemory or WriteProcessMemory request was completed. (0x12B)
[0817/060110.482:ERROR:process_memory_win.cc(73)] ReadMemory at 0xc4627a1000 of 6024 bytes failed: Only part of a ReadProcessMemory or WriteProcessMemory request was completed. (0x12B)
[0817/060110.483:ERROR:process_memory_win.cc(73)] ReadMemory at 0xc4627a3000 of 6024 bytes failed: Only part of a ReadProcessMemory or WriteProcessMemory request was completed. (0x12B)
[0817/060110.483:ERROR:process_memory_win.cc(73)] ReadMemory at 0xc4627a5000 of 6024 bytes failed: Only part of a ReadProcessMemory or WriteProcessMemory request was completed. (0x12B)
[0817/060110.483:ERROR:process_memory_win.cc(73)] ReadMemory at 0xc4627a9000 of 6024 bytes failed: Only part of a ReadProcessMemory or WriteProcessMemory request was completed. (0x12B)
[0817/060110.483:ERROR:process_memory_win.cc(73)] ReadMemory at 0xc4627df000 of 6024 bytes failed: Only part of a ReadProcessMemory or WriteProcessMemory request was completed. (0x12B)
[0817/060110.484:ERROR:process_memory_win.cc(73)] ReadMemory at 0xc4627e3000 of 6024 bytes failed: Only part of a ReadProcessMemory or WriteProcessMemory request was completed. (0x12B)
[0817/060110.484:ERROR:process_memory_win.cc(73)] ReadMemory at 0x2855b9a0000 of 384 bytes failed: Only part of a ReadProcessMemory or WriteProcessMemory request was completed. (0x12B)
[0817/060110.484:ERROR:process_memory_win.cc(73)] ReadMemory at 0x2855b9a0fe0 of 11854 bytes failed: Only part of a ReadProcessMemory or WriteProcessMemory request was completed. (0x12B)
[0817/060110.484:ERROR:process_memory_win.cc(73)] ReadMemory at 0x2855b9a3e40 of 1012 bytes failed: Only part of a ReadProcessMemory or WriteProcessMemory request was completed. (0x12B)
[0817/060110.484:ERROR:process_memory_win.cc(73)] ReadMemory at 0x2855b9a4488 of 118 bytes failed: Only part of a ReadProcessMemory or WriteProcessMemory request was completed. (0x12B)
[0817/060110.485:ERROR:process_memory_win.cc(73)] ReadMemory at 0x2855b9a4500 of 754 bytes failed: Only part of a ReadProcessMemory or WriteProcessMemory request was completed. (0x12B)
[0817/060110.485:ERROR:process_memory_win.cc(73)] ReadMemory at 0x2855b9a47f4 of 118 bytes failed: Only part of a ReadProcessMemory or WriteProcessMemory request was completed. (0x12B)
[0817/060110.485:ERROR:process_memory_win.cc(73)] ReadMemory at 0x2855b9a486c of 96 bytes failed: Only part of a ReadProcessMemory or WriteProcessMemory request was completed. (0x12B)
[0817/060110.485:ERROR:process_memory_win.cc(73)] ReadMemory at 0x2855b9a48e0 of 58 bytes failed: Only part of a ReadProcessMemory or WriteProcessMemory request was completed. (0x12B)
[0817/060110.485:ERROR:process_memory_win.cc(73)] ReadMemory at 0x2855b9a49e0 of 132 bytes failed: Only part of a ReadProcessMemory or WriteProcessMemory request was completed. (0x12B)
[0817/060110.486:ERROR:process_memory_win.cc(73)] ReadMemory at 0x2855b9a4b70 of 132 bytes failed: Only part of a ReadProcessMemory or WriteProcessMemory request was completed. (0x12B)
[0817/060110.486:ERROR:process_memory_win.cc(73)] ReadMemory at 0x2855b9a4d30 of 126 bytes failed: Only part of a ReadProcessMemory or WriteProcessMemory request was completed. (0x12B)
[0817/060110.486:ERROR:process_memory_win.cc(73)] ReadMemory at 0x2855b9a5110 of 132 bytes failed: Only part of a ReadProcessMemory or WriteProcessMemory request was completed. (0x12B)
[0817/060110.486:ERROR:process_memory_win.cc(73)] ReadMemory at 0x2855b9a52a0 of 64 bytes failed: Only part of a ReadProcessMemory or WriteProcessMemory request was completed. (0x12B)
[0817/060110.487:ERROR:process_memory_win.cc(73)] ReadMemory at 0x2855b9a5460 of 132 bytes failed: Only part of a ReadProcessMemory or WriteProcessMemory request was completed. (0x12B)
[0817/060110.487:ERROR:process_memory_win.cc(73)] ReadMemory at 0x2855b9a5700 of 132 bytes failed: Only part of a ReadProcessMemory or WriteProcessMemory request was completed. (0x12B)
[0817/060110.487:ERROR:process_memory_win.cc(73)] ReadMemory at 0x2855b9a5890 of 68 bytes failed: Only part of a ReadProcessMemory or WriteProcessMemory request was completed. (0x12B)
[0817/060110.487:ERROR:process_memory_win.cc(73)] ReadMemory at 0x2855b9a6960 of 132 bytes failed: Only part of a ReadProcessMemory or WriteProcessMemory request was completed. (0x12B)
[0817/060110.487:ERROR:process_memory_win.cc(73)] ReadMemory at 0x2855b9a6af0 of 154 bytes failed: Only part of a ReadProcessMemory or WriteProcessMemory request was completed. (0x12B)
[0817/060110.488:ERROR:process_memory_win.cc(73)] ReadMemory at 0x2855b9a78f0 of 62 bytes failed: Only part of a ReadProcessMemory or WriteProcessMemory request was completed. (0x12B)
[0817/060110.488:ERROR:process_memory_win.cc(73)] ReadMemory at 0x2855b9a7a50 of 132 bytes failed: Only part of a ReadProcessMemory or WriteProcessMemory request was completed. (0x12B)
[0817/060110.488:ERROR:process_memory_win.cc(73)] ReadMemory at 0x2855b9a7be0 of 60 bytes failed: Only part of a ReadProcessMemory or WriteProcessMemory request was completed. (0x12B)
[0817/060110.488:ERROR:process_memory_win.cc(73)] ReadMemory at 0x2855b9b5bc0 of 80 bytes failed: Only part of a ReadProcessMemory or WriteProcessMemory request was completed. (0x12B)
[0817/060110.488:ERROR:process_memory_win.cc(73)] ReadMemory at 0x2855b9b8b80 of 132 bytes failed: Only part of a ReadProcessMemory or WriteProcessMemory request was completed. (0x12B)
[0817/060110.489:ERROR:process_memory_win.cc(73)] ReadMemory at 0x2855b9b91f0 of 132 bytes failed: Only part of a ReadProcessMemory or WriteProcessMemory request was completed. (0x12B)
[0817/060110.489:ERROR:process_memory_win.cc(73)] ReadMemory at 0x2855b9b9410 of 132 bytes failed: Only part of a ReadProcessMemory or WriteProcessMemory request was completed. (0x12B)
[0817/060110.489:ERROR:process_memory_win.cc(73)] ReadMemory at 0x2855b9b99f0 of 132 bytes failed: Only part of a ReadProcessMemory or WriteProcessMemory request was completed. (0x12B)
[0817/060110.489:ERROR:process_memory_win.cc(73)] ReadMemory at 0x2855b9ba570 of 132 bytes failed: Only part of a ReadProcessMemory or WriteProcessMemory request was completed. (0x12B)
[0817/060110.489:ERROR:process_memory_win.cc(73)] ReadMemory at 0x2855b9bbfe0 of 64 bytes failed: Only part of a ReadProcessMemory or WriteProcessMemory request was completed. (0x12B)
[0817/060110.489:ERROR:process_memory_win.cc(73)] ReadMemory at 0x2855b9bc030 of 64 bytes failed: Only part of a ReadProcessMemory or WriteProcessMemory request was completed. (0x12B)
[0817/060110.490:ERROR:process_memory_win.cc(73)] ReadMemory at 0x2855b9bc170 of 62 bytes failed: Only part of a ReadProcessMemory or WriteProcessMemory request was completed. (0x12B)
[0817/060110.490:ERROR:process_memory_win.cc(73)] ReadMemory at 0x2855b9bc1c0 of 60 bytes failed: Only part of a ReadProcessMemory or WriteProcessMemory request was completed. (0x12B)
[0817/060110.490:ERROR:process_memory_win.cc(73)] ReadMemory at 0x2855b9bc350 of 60 bytes failed: Only part of a ReadProcessMemory or WriteProcessMemory request was completed. (0x12B)
[0817/060110.490:ERROR:process_memory_win.cc(73)] ReadMemory at 0x2855b9bc3f0 of 66 bytes failed: Only part of a ReadProcessMemory or WriteProcessMemory request was completed. (0x12B)
[0817/060110.490:ERROR:process_memory_win.cc(73)] ReadMemory at 0x2855b9bc440 of 64 bytes failed: Only part of a ReadProcessMemory or WriteProcessMemory request was completed. (0x12B)
[0817/060110.490:ERROR:process_memory_win.cc(73)] ReadMemory at 0x2855b9bc490 of 58 bytes failed: Only part of a ReadProcessMemory or WriteProcessMemory request was completed. (0x12B)
[0817/060110.491:ERROR:process_memory_win.cc(73)] ReadMemory at 0x2855b9bc4e0 of 64 bytes failed: Only part of a ReadProcessMemory or WriteProcessMemory request was completed. (0x12B)
[0817/060110.491:ERROR:process_memory_win.cc(73)] ReadMemory at 0x2855b9bc530 of 62 bytes failed: Only part of a ReadProcessMemory or WriteProcessMemory request was completed. (0x12B)
[0817/060110.491:ERROR:process_memory_win.cc(73)] ReadMemory at 0x2855b9bc580 of 62 bytes failed: Only part of a ReadProcessMemory or WriteProcessMemory request was completed. (0x12B)
[0817/060110.491:ERROR:process_memory_win.cc(73)] ReadMemory at 0x2855b9bc710 of 66 bytes failed: Only part of a ReadProcessMemory or WriteProcessMemory request was completed. (0x12B)
[0817/060110.491:ERROR:process_memory_win.cc(73)] ReadMemory at 0x2855b9bc760 of 60 bytes failed: Only part of a ReadProcessMemory or WriteProcessMemory request was completed. (0x12B)
[0817/060110.492:ERROR:process_memory_win.cc(73)] ReadMemory at 0x2855b9bc800 of 62 bytes failed: Only part of a ReadProcessMemory or WriteProcessMemory request was completed. (0x12B)
[0817/060110.492:ERROR:process_memory_win.cc(73)] ReadMemory at 0x2855b9bc850 of 62 bytes failed: Only part of a ReadProcessMemory or WriteProcessMemory request was completed. (0x12B)
[0817/060110.492:ERROR:process_memory_win.cc(73)] ReadMemory at 0x2855b9bc8a0 of 62 bytes failed: Only part of a ReadProcessMemory or WriteProcessMemory request was completed. (0x12B)
[0817/060110.492:ERROR:process_memory_win.cc(73)] ReadMemory at 0x2855b9bc940 of 62 bytes failed: Only part of a ReadProcessMemory or WriteProcessMemory request was completed. (0x12B)
[0817/060110.492:ERROR:process_memory_win.cc(73)] ReadMemory at 0x2855b9bc990 of 60 bytes failed: Only part of a ReadProcessMemory or WriteProcessMemory request was completed. (0x12B)
[0817/060110.493:ERROR:process_memory_win.cc(73)] ReadMemory at 0x2855b9bca80 of 62 bytes failed: Only part of a ReadProcessMemory or WriteProcessMemory request was completed. (0x12B)
[0817/060110.493:ERROR:process_memory_win.cc(73)] ReadMemory at 0x2855b9bcad0 of 60 bytes failed: Only part of a ReadProcessMemory or WriteProcessMemory request was completed. (0x12B)
[0817/060110.493:ERROR:process_memory_win.cc(73)] ReadMemory at 0x2855b9bcb20 of 64 bytes failed: Only part of a ReadProcessMemory or WriteProcessMemory request was completed. (0x12B)
[0817/060110.493:ERROR:process_memory_win.cc(73)] ReadMemory at 0x2855b9bcb70 of 60 bytes failed: Only part of a ReadProcessMemory or WriteProcessMemory request was completed. (0x12B)
[0817/060110.493:ERROR:process_memory_win.cc(73)] ReadMemory at 0x2855b9bccb0 of 62 bytes failed: Only part of a ReadProcessMemory or WriteProcessMemory request was completed. (0x12B)
[0817/060110.494:ERROR:process_memory_win.cc(73)] ReadMemory at 0x2855b9bcd00 of 64 bytes failed: Only part of a ReadProcessMemory or WriteProcessMemory request was completed. (0x12B)
[0817/060110.494:ERROR:process_memory_win.cc(73)] ReadMemory at 0x2855b9bcd50 of 64 bytes failed: Only part of a ReadProcessMemory or WriteProcessMemory request was completed. (0x12B)
[0817/060110.494:ERROR:process_memory_win.cc(73)] ReadMemory at 0x2855b9bce40 of 64 bytes failed: Only part of a ReadProcessMemory or WriteProcessMemory request was completed. (0x12B)
[0817/060110.494:ERROR:process_memory_win.cc(73)] ReadMemory at 0x2855b9bcee0 of 62 bytes failed: Only part of a ReadProcessMemory or WriteProcessMemory request was completed. (0x12B)
[0817/060110.494:ERROR:process_memory_win.cc(73)] ReadMemory at 0x2855b9be110 of 146 bytes failed: Only part of a ReadProcessMemory or WriteProcessMemory request was completed. (0x12B)
[0817/060110.494:ERROR:process_memory_win.cc(73)] ReadMemory at 0x2855b9be240 of 54 bytes failed: Only part of a ReadProcessMemory or WriteProcessMemory request was completed. (0x12B)
[0817/060110.495:ERROR:process_memory_win.cc(73)] ReadMemory at 0x2855b9bfeb0 of 80 bytes failed: Only part of a ReadProcessMemory or WriteProcessMemory request was completed. (0x12B)
[0817/060110.495:ERROR:process_memory_win.cc(73)] ReadMemory at 0x2855b9c0510 of 76 bytes failed: Only part of a ReadProcessMemory or WriteProcessMemory request was completed. (0x12B)
[0817/060110.495:ERROR:process_memory_win.cc(73)] ReadMemory at 0x2855b9c2230 of 132 bytes failed: Only part of a ReadProcessMemory or WriteProcessMemory request was completed. (0x12B)
[0817/060110.495:ERROR:process_memory_win.cc(73)] ReadMemory at 0x2855b9c2440 of 132 bytes failed: Only part of a ReadProcessMemory or WriteProcessMemory request was completed. (0x12B)
[0817/060110.495:ERROR:process_memory_win.cc(73)] ReadMemory at 0x2855b9c2570 of 132 bytes failed: Only part of a ReadProcessMemory or WriteProcessMemory request was completed. (0x12B)
[0817/060110.495:ERROR:process_memory_win.cc(73)] ReadMemory at 0x2855b9c49c0 of 132 bytes failed: Only part of a ReadProcessMemory or WriteProcessMemory request was completed. (0x12B)
[0817/060110.496:ERROR:process_memory_win.cc(73)] ReadMemory at 0x2855b9c4bd0 of 132 bytes failed: Only part of a ReadProcessMemory or WriteProcessMemory request was completed. (0x12B)
[0817/060110.496:ERROR:process_memory_win.cc(73)] ReadMemory at 0x2855b9c4f00 of 132 bytes failed: Only part of a ReadProcessMemory or WriteProcessMemory request was completed. (0x12B)
[0817/060110.496:ERROR:process_memory_win.cc(73)] ReadMemory at 0x2855b9c5030 of 132 bytes failed: Only part of a ReadProcessMemory or WriteProcessMemory request was completed. (0x12B)
[0817/060110.496:ERROR:process_memory_win.cc(73)] ReadMemory at 0x2855b9c5160 of 132 bytes failed: Only part of a ReadProcessMemory or WriteProcessMemory request was completed. (0x12B)
[0817/060110.496:ERROR:process_memory_win.cc(73)] ReadMemory at 0x2855b9c5290 of 132 bytes failed: Only part of a ReadProcessMemory or WriteProcessMemory request was completed. (0x12B)
[0817/060110.497:ERROR:process_memory_win.cc(73)] ReadMemory at 0x2855b9c53c0 of 132 bytes failed: Only part of a ReadProcessMemory or WriteProcessMemory request was completed. (0x12B)
[0817/060110.497:ERROR:process_memory_win.cc(73)] ReadMemory at 0x2855b9c5620 of 132 bytes failed: Only part of a ReadProcessMemory or WriteProcessMemory request was completed. (0x12B)
[0817/060110.497:ERROR:process_memory_win.cc(73)] ReadMemory at 0x2855b9c5750 of 132 bytes failed: Only part of a ReadProcessMemory or WriteProcessMemory request was completed. (0x12B)
[0817/060110.497:ERROR:process_memory_win.cc(73)] ReadMemory at 0x2855b9c5880 of 132 bytes failed: Only part of a ReadProcessMemory or WriteProcessMemory request was completed. (0x12B)
[0817/060110.497:ERROR:process_memory_win.cc(73)] ReadMemory at 0x2855b9c59b0 of 132 bytes failed: Only part of a ReadProcessMemory or WriteProcessMemory request was completed. (0x12B)
[0817/060110.497:ERROR:process_memory_win.cc(73)] ReadMemory at 0x2855b9c5ae0 of 132 bytes failed: Only part of a ReadProcessMemory or WriteProcessMemory request was completed. (0x12B)
[0817/060110.498:ERROR:process_memory_win.cc(73)] ReadMemory at 0x2855b9c5c10 of 132 bytes failed: Only part of a ReadProcessMemory or WriteProcessMemory request was completed. (0x12B)
[0817/060110.498:ERROR:process_memory_win.cc(73)] ReadMemory at 0x2855b9c5d40 of 132 bytes failed: Only part of a ReadProcessMemory or WriteProcessMemory request was completed. (0x12B)
[0817/060110.498:ERROR:process_memory_win.cc(73)] ReadMemory at 0x2855b9c67a0 of 132 bytes failed: Only part of a ReadProcessMemory or WriteProcessMemory request was completed. (0x12B)
[0817/060110.498:ERROR:process_memory_win.cc(73)] ReadMemory at 0x2855b9c6a00 of 132 bytes failed: Only part of a ReadProcessMemory or WriteProcessMemory request was completed. (0x12B)
[0817/060110.498:ERROR:process_memory_win.cc(73)] ReadMemory at 0x2855b9c6b30 of 132 bytes failed: Only part of a ReadProcessMemory or WriteProcessMemory request was completed. (0x12B)
[0817/060110.499:ERROR:process_memory_win.cc(73)] ReadMemory at 0x2855b9c6c60 of 132 bytes failed: Only part of a ReadProcessMemory or WriteProcessMemory request was completed. (0x12B)
[0817/060110.499:ERROR:process_memory_win.cc(73)] ReadMemory at 0x2855b9c74b0 of 132 bytes failed: Only part of a ReadProcessMemory or WriteProcessMemory request was completed. (0x12B)
[0817/060110.499:ERROR:process_memory_win.cc(73)] ReadMemory at 0x2855b9c7840 of 132 bytes failed: Only part of a ReadProcessMemory or WriteProcessMemory request was completed. (0x12B)
[0817/060110.499:ERROR:process_memory_win.cc(73)] ReadMemory at 0x2855b9c7970 of 132 bytes failed: Only part of a ReadProcessMemory or WriteProcessMemory request was completed. (0x12B)
[0817/060110.499:ERROR:process_memory_win.cc(73)] ReadMemory at 0x2855b9c7aa0 of 132 bytes failed: Only part of a ReadProcessMemory or WriteProcessMemory request was completed. (0x12B)
[0817/060110.500:ERROR:process_memory_win.cc(73)] ReadMemory at 0x2855b9c8090 of 132 bytes failed: Only part of a ReadProcessMemory or WriteProcessMemory request was completed. (0x12B)
[0817/060110.500:ERROR:process_memory_win.cc(73)] ReadMemory at 0x2855b9c8550 of 132 bytes failed: Only part of a ReadProcessMemory or WriteProcessMemory request was completed. (0x12B)
[0817/060110.500:ERROR:process_memory_win.cc(73)] ReadMemory at 0x2855ba2a7d0 of 512 bytes failed: Only part of a ReadProcessMemory or WriteProcessMemory request was completed. (0x12B)
[0817/060110.500:ERROR:process_memory_win.cc(73)] ReadMemory at 0x2855ba2fe70 of 512 bytes failed: Only part of a ReadProcessMemory or WriteProcessMemory request was completed. (0x12B)
[0817/060110.500:ERROR:process_memory_win.cc(73)] ReadMemory at 0x2855ba316e0 of 712 bytes failed: Only part of a ReadProcessMemory or WriteProcessMemory request was completed. (0x12B)
[0817/060110.501:ERROR:process_memory_win.cc(73)] ReadMemory at 0x2855ba37e20 of 512 bytes failed: Only part of a ReadProcessMemory or WriteProcessMemory request was completed. (0x12B)
[0817/060110.501:ERROR:process_memory_win.cc(73)] ReadMemory at 0x2855ba5ced0 of 512 bytes failed: Only part of a ReadProcessMemory or WriteProcessMemory request was completed. (0x12B)
[0817/060110.501:ERROR:process_memory_win.cc(73)] ReadMemory at 0x2855ba87f40 of 512 bytes failed: Only part of a ReadProcessMemory or WriteProcessMemory request was completed. (0x12B)
[0817/060110.501:ERROR:process_memory_win.cc(73)] ReadMemory at 0x2855ba8cb40 of 512 bytes failed: Only part of a ReadProcessMemory or WriteProcessMemory request was completed. (0x12B)
[0817/060110.501:ERROR:process_memory_win.cc(73)] ReadMemory at 0x2855d370000 of 384 bytes failed: Only part of a ReadProcessMemory or WriteProcessMemory request was completed. (0x12B)
[0817/060110.501:ERROR:process_memory_win.cc(73)] ReadMemory at 0x2855d7c47b0 of 512 bytes failed: Only part of a ReadProcessMemory or WriteProcessMemory request was completed. (0x12B)
[0817/060110.502:ERROR:process_memory_win.cc(73)] ReadMemory at 0x28569c88100 of 512 bytes failed: Only part of a ReadProcessMemory or WriteProcessMemory request was completed. (0x12B)
[0817/060110.502:ERROR:process_memory_win.cc(73)] ReadMemory at 0x285743ebf90 of 512 bytes failed: Only part of a ReadProcessMemory or WriteProcessMemory request was completed. (0x12B)
[0817/060110.502:ERROR:process_memory_win.cc(73)] ReadMemory at 0x285743edc80 of 528 bytes failed: Only part of a ReadProcessMemory or WriteProcessMemory request was completed. (0x12B)
[0817/060110.502:ERROR:process_memory_win.cc(73)] ReadMemory at 0x285754deb70 of 512 bytes failed: Only part of a ReadProcessMemory or WriteProcessMemory request was completed. (0x12B)
[0817/060110.503:ERROR:process_memory_win.cc(73)] ReadMemory at 0x28576a0e818 of 512 bytes failed: Only part of a ReadProcessMemory or WriteProcessMemory request was completed. (0x12B)
[0817/060110.771:ERROR:scoped_process_suspend.cc(40)] NtResumeProcess: An attempt was made to access an exiting process. (0xc000010a)
[0817/060115.919:ERROR:http_transport_win.cc(276)] WinHttpSendRequest: The operation completed successfully. (0x0)
